235840 235840 2021-12-12 08:08:54 020.500 NXNODE   WARNING! Process '/bin/pactl load-module module-cli-protocol-unix socket=/home/joe/.nx/nxdevice/D-1001-2EC402FA7E25560D52D4EE476846BA83/audio/cli.socket' with pid '240998/240998' finished with exit code 1 after 0,005 seconds.
235840 235840 2021-12-12 08:08:54 065.797 NXNODE   WARNING! Process '/bin/pacmd update-source-proplist nx_remapped_out device.description="NoMachine\ Microphone"' with pid '241003/241003' finished with exit code 1 after 0,004 seconds.
235840 235840 2021-12-12 08:08:54 070.975 NXNODE   WARNING! Process '/bin/pacmd set-default-source nx_remapped_out' with pid '241004/241004' finished with exit code 1 after 0,004 seconds.
235840 235840 2021-12-12 08:08:56 060.928 NXNODE   WARNING! Process '/usr/NX/bin/nxexec /usr/NX/scripts/restricted/nxamixer.sh mute 0 0' with pid '241040/241040' finished with exit code 1 after 0,009 seconds.
235840 235840 2021-12-12 10:11:38 723.518 NXNODE   WARNING! Process '/bin/pactl unload-module 23' with pid '271540/271540' finished with exit code 1 after 0,008 seconds.
235840 235840 2021-12-12 16:52:25 055.335 NXNODE   WARNING! Process '/bin/pactl load-module module-cli-protocol-unix socket=/home/joe/.nx/nxdevice/D-1001-2EC402FA7E25560D52D4EE476846BA83/audio/cli.socket' with pid '375710/375710' finished with exit code 1 after 0,006 seconds.
235840 235840 2021-12-12 16:52:25 102.869 NXNODE   WARNING! Process '/bin/pacmd update-source-proplist nx_remapped_out device.description="NoMachine\ Microphone"' with pid '375720/375720' finished with exit code 1 after 0,005 seconds.
235840 235840 2021-12-12 16:52:25 109.699 NXNODE   WARNING! Process '/bin/pacmd set-default-source nx_remapped_out' with pid '375721/375721' finished with exit code 1 after 0,005 seconds.
235840 235840 2021-12-12 17:52:06 642.868 NXNODE   WARNING! Process '/bin/pactl unload-module 27' with pid '393044/393044' finished with exit code 1 after 0,009 seconds.
235840 235840 2021-12-12 17:52:07 569.529 NXNODE   WARNING! Process '/bin/pactl load-module module-cli-protocol-unix socket=/home/joe/.nx/nxdevice/D-1001-2EC402FA7E25560D52D4EE476846BA83/audio/cli.socket' with pid '393155/393155' finished with exit code 1 after 0,008 seconds.
235840 235840 2021-12-12 17:52:07 630.227 NXNODE   WARNING! Process '/bin/pacmd update-source-proplist nx_remapped_out device.description="NoMachine\ Microphone"' with pid '393165/393165' finished with exit code 1 after 0,008 seconds.
235840 235840 2021-12-12 17:52:07 640.145 NXNODE   WARNING! Process '/bin/pacmd set-default-source nx_remapped_out' with pid '393166/393166' finished with exit code 1 after 0,007 seconds.
235840 235840 2021-12-12 18:22:35 791.890 NXNODE   WARNING! Process '/bin/pactl unload-module 31' with pid '400799/400799' finished with exit code 1 after 0,011 seconds.
235840 235840 2021-12-12 18:23:54 439.169 NXNODE   WARNING! Process '/bin/pactl load-module module-cli-protocol-unix socket=/home/joe/.nx/nxdevice/D-1001-2EC402FA7E25560D52D4EE476846BA83/audio/cli.socket' with pid '401246/401246' finished with exit code 1 after 0,010 seconds.
235840 235840 2021-12-12 18:23:54 511.351 NXNODE   WARNING! Process '/bin/pacmd update-source-proplist nx_remapped_out device.description="NoMachine\ Microphone"' with pid '401251/401251' finished with exit code 1 after 0,009 seconds.
235840 235840 2021-12-12 18:23:54 523.947 NXNODE   WARNING! Process '/bin/pacmd set-default-source nx_remapped_out' with pid '401252/401252' finished with exit code 1 after 0,008 seconds.
235840 235840 2021-12-12 19:38:54 865.730 NXNODE   WARNING! Process '/bin/pactl unload-module 35' with pid '422322/422322' finished with exit code 1 after 0,012 seconds.
235840 235840 2021-12-12 19:38:55 864.920 NXNODE   WARNING! Process '/bin/pactl load-module module-cli-protocol-unix socket=/home/joe/.nx/nxdevice/D-1001-2EC402FA7E25560D52D4EE476846BA83/audio/cli.socket' with pid '422434/422434' finished with exit code 1 after 0,011 seconds.
235840 235840 2021-12-12 19:38:55 949.757 NXNODE   WARNING! Process '/bin/pacmd update-source-proplist nx_remapped_out device.description="NoMachine\ Microphone"' with pid '422443/422443' finished with exit code 1 after 0,011 seconds.
235840 235840 2021-12-12 19:38:55 965.595 NXNODE   WARNING! Process '/bin/pacmd set-default-source nx_remapped_out' with pid '422444/422444' finished with exit code 1 after 0,011 seconds.
235840 235840 2021-12-12 20:14:05 947.885 NXNODE   WARNING! Process '/bin/pactl unload-module 39' with pid '431520/431520' finished with exit code 1 after 0,016 seconds.
1059 1059 2021-12-12 22:10:27 533.942 NXNODE   WARNING! Process '/bin/pactl load-module module-cli-protocol-unix socket=/home/joe/.nx/nxdevice/D-1001-1BC97D299FE50D933981FD45232B5E30/audio/cli.socket' with pid '9575/9575' finished with exit code 1 after 0,004 seconds.
1059 1059 2021-12-12 22:10:27 574.812 NXNODE   WARNING! Process '/bin/pacmd update-source-proplist nx_remapped_out device.description="NoMachine\ Microphone"' with pid '9585/9585' finished with exit code 1 after 0,004 seconds.
1059 1059 2021-12-12 22:10:27 579.812 NXNODE   WARNING! Process '/bin/pacmd set-default-source nx_remapped_out' with pid '9586/9586' finished with exit code 1 after 0,004 seconds.
1059 1059 2021-12-12 22:10:29 121.510 NXNODE   WARNING! Process '/usr/NX/bin/nxexec /usr/NX/scripts/restricted/nxamixer.sh mute 0 0' with pid '9613/9613' finished with exit code 1 after 0,026 seconds.
1059 1059 2021-12-12 22:30:49 376.998 NXNODE   WARNING! Process '/bin/pactl unload-module 23' with pid '15184/15184' finished with exit code 1 after 0,005 seconds.
1059 1059 2021-12-12 22:30:51 640.961 NXNODE   WARNING! Process '/bin/pactl unload-module 23' with pid '15194/15194' finished with exit code 1 after 2,262 seconds.
1059 1059 2021-12-12 22:30:51 656.621 NXNODE   WARNING! Process '/bin/pactl unload-module 23' with pid '15238/15238' finished with exit code 1 after 0,012 seconds.
1059 1059 2021-12-12 22:30:51 666.729 NXNODE   WARNING! Process '/bin/pactl unload-module 23' with pid '15240/15240' finished with exit code 1 after 0,007 seconds.
1072 1072 2021-12-12 22:35:27 199.607 NXNODE   WARNING! Process '/bin/pactl load-module module-cli-protocol-unix socket=/home/joe/.nx/nxdevice/D-1001-999700BFEE69E1E2AD178EEF549D9A48/audio/cli.socket' with pid '2064/2064' finished with exit code 1 after 0,005 seconds.
1072 1072 2021-12-12 22:35:27 240.477 NXNODE   WARNING! Process '/bin/pacmd update-source-proplist nx_remapped_out device.description="NoMachine\ Microphone"' with pid '2074/2074' finished with exit code 1 after 0,004 seconds.
1072 1072 2021-12-12 22:35:27 245.451 NXNODE   WARNING! Process '/bin/pacmd set-default-source nx_remapped_out' with pid '2075/2075' finished with exit code 1 after 0,004 seconds.
1072 1072 2021-12-12 22:35:29 092.018 NXNODE   WARNING! Process '/usr/NX/bin/nxexec /usr/NX/scripts/restricted/nxamixer.sh mute 0 0' with pid '2101/2101' finished with exit code 1 after 0,026 seconds.
1072 1072 2021-12-12 23:26:28 726.944 NXNODE   WARNING! Process '/bin/pactl unload-module 23' with pid '18359/18359' finished with exit code 1 after 0,008 seconds.
1072 1072 2021-12-13 07:08:14 446.415 NXNODE   WARNING! Process '/usr/NX/bin/nxclient --monitor --pid 895' with pid '1091/1091' finished with exit code 1 after 30944,989 seconds.
1330 1330 2021-12-16 16:06:09 263.926 NXNODE   WARNING! Process '/bin/pactl load-module module-cli-protocol-unix socket=/home/joe/.nx/nxdevice/D-1001-F27745F9EC2087BBA12B8EDE521714F3/audio/cli.socket' with pid '11199/11199' finished with exit code 1 after 0,017 seconds.
1330 1330 2021-12-16 16:06:09 332.230 NXNODE   WARNING! Process '/bin/pacmd update-source-proplist nx_remapped_out device.description="NoMachine\ Microphone"' with pid '11208/11208' finished with exit code 1 after 0,004 seconds.
1330 1330 2021-12-16 16:06:09 337.225 NXNODE   WARNING! Process '/bin/pacmd set-default-source nx_remapped_out' with pid '11209/11209' finished with exit code 1 after 0,004 seconds.
1330 1330 2021-12-16 16:11:32 591.268 NXNODE   WARNING! Process '/bin/pactl unload-module 23' with pid '13021/13021' finished with exit code 1 after 0,005 seconds.
1330 1330 2021-12-17 16:41:17 254.898 NXNODE   WARNING! Process '/bin/pactl load-module module-cli-protocol-unix socket=/home/joe/.nx/nxdevice/D-1001-F27745F9EC2087BBA12B8EDE521714F3/audio/cli.socket' with pid '389539/389539' finished with exit code 1 after 0,006 seconds.
1330 1330 2021-12-17 16:41:17 297.999 NXNODE   WARNING! Process '/bin/pacmd update-source-proplist nx_remapped_out device.description="NoMachine\ Microphone"' with pid '389549/389549' finished with exit code 1 after 0,004 seconds.
1330 1330 2021-12-17 16:41:17 303.879 NXNODE   WARNING! Process '/bin/pacmd set-default-source nx_remapped_out' with pid '389550/389550' finished with exit code 1 after 0,004 seconds.
1330 1330 2021-12-17 17:24:09 257.902 NXNODE   WARNING! Process '/bin/pactl unload-module 27' with pid '400606/400606' finished with exit code 1 after 0,005 seconds.
1330 1330 2021-12-19 14:45:36 848.388 NXNODE   WARNING! Process '/bin/pactl load-module module-cli-protocol-unix socket=/home/joe/.nx/nxdevice/D-1001-F27745F9EC2087BBA12B8EDE521714F3/audio/cli.socket' with pid '619707/619707' finished with exit code 1 after 0,020 seconds.
1330 1330 2021-12-19 14:45:37 006.795 NXNODE   WARNING! Process '/bin/pacmd update-source-proplist nx_remapped_out device.description="NoMachine\ Microphone"' with pid '619717/619717' finished with exit code 1 after 0,007 seconds.
1330 1330 2021-12-19 14:45:37 014.485 NXNODE   WARNING! Process '/bin/pacmd set-default-source nx_remapped_out' with pid '619718/619718' finished with exit code 1 after 0,006 seconds.
1330 1330 2021-12-19 15:29:02 512.896 NXNODE   WARNING! Process '/bin/pactl unload-module 31' with pid '621795/621795' finished with exit code 1 after 0,005 seconds.
1330 1330 2021-12-19 16:34:11 885.348 NXNODE   WARNING! Process '/bin/pactl load-module module-cli-protocol-unix socket=/home/joe/.nx/nxdevice/D-1001-F27745F9EC2087BBA12B8EDE521714F3/audio/cli.socket' with pid '623621/623621' finished with exit code 1 after 0,005 seconds.
1330 1330 2021-12-19 16:34:11 931.259 NXNODE   WARNING! Process '/bin/pacmd update-source-proplist nx_remapped_out device.description="NoMachine\ Microphone"' with pid '623626/623626' finished with exit code 1 after 0,005 seconds.
1330 1330 2021-12-19 16:34:11 937.379 NXNODE   WARNING! Process '/bin/pacmd set-default-source nx_remapped_out' with pid '623627/623627' finished with exit code 1 after 0,005 seconds.
1330 1330 2021-12-19 17:40:33 029.254 NXNODE   WARNING! Process '/bin/pactl unload-module 35' with pid '633017/633017' finished with exit code 1 after 0,006 seconds.
1060 1060 2021-12-23 15:26:08 953.858 NXNODE   WARNING! Process '/bin/pactl load-module module-cli-protocol-unix socket=/home/joe/.nx/nxdevice/D-1001-976B74D6C98E8065AA25E67A7D6000D5/audio/cli.socket' with pid '8353/8353' finished with exit code 1 after 0,017 seconds.
1060 1060 2021-12-23 15:26:09 014.967 NXNODE   WARNING! Process '/bin/pacmd update-source-proplist nx_remapped_out device.description="NoMachine\ Microphone"' with pid '8358/8358' finished with exit code 1 after 0,004 seconds.
1060 1060 2021-12-23 15:26:09 019.937 NXNODE   WARNING! Process '/bin/pacmd set-default-source nx_remapped_out' with pid '8359/8359' finished with exit code 1 after 0,004 seconds.
1060 1060 2021-12-23 15:38:27 591.286 NXNODE   WARNING! Process '/bin/pactl unload-module 23' with pid '12995/12995' finished with exit code 1 after 0,005 seconds.
1060 1060 2021-12-23 16:03:29 365.197 NXNODE   WARNING! Process '/bin/pactl load-module module-cli-protocol-unix socket=/home/joe/.nx/nxdevice/D-1001-976B74D6C98E8065AA25E67A7D6000D5/audio/cli.socket' with pid '19303/19303' finished with exit code 1 after 0,006 seconds.
1060 1060 2021-12-23 16:03:29 404.051 NXNODE   WARNING! Process '/bin/pacmd update-source-proplist nx_remapped_out device.description="NoMachine\ Microphone"' with pid '19308/19308' finished with exit code 1 after 0,004 seconds.
1060 1060 2021-12-23 16:03:29 409.316 NXNODE   WARNING! Process '/bin/pacmd set-default-source nx_remapped_out' with pid '19309/19309' finished with exit code 1 after 0,004 seconds.
1060 1060 2021-12-23 16:37:42 552.830 NXNODE   WARNING! Process '/bin/pactl unload-module 27' with pid '28427/28427' finished with exit code 1 after 0,005 seconds.
1060 1060 2021-12-23 17:46:02 363.329 NXNODE   WARNING! Process '/bin/pactl load-module module-cli-protocol-unix socket=/home/joe/.nx/nxdevice/D-1001-976B74D6C98E8065AA25E67A7D6000D5/audio/cli.socket' with pid '48084/48084' finished with exit code 1 after 0,005 seconds.
1060 1060 2021-12-23 17:46:02 404.489 NXNODE   WARNING! Process '/bin/pacmd update-source-proplist nx_remapped_out device.description="NoMachine\ Microphone"' with pid '48093/48093' finished with exit code 1 after 0,004 seconds.
1060 1060 2021-12-23 17:46:02 410.146 NXNODE   WARNING! Process '/bin/pacmd set-default-source nx_remapped_out' with pid '48094/48094' finished with exit code 1 after 0,005 seconds.
1060 1060 2021-12-23 17:57:03 363.978 NXNODE   WARNING! Process '/bin/pactl unload-module 31' with pid '51524/51524' finished with exit code 1 after 0,005 seconds.
